2023-08-06 02:13:10.750299 - Initialized conversion of CBT207
2023-08-06 02:13:11.004892 - Received SBGOLOB.CBT506.FILE207 from FILE207.XMI 
2023-08-06 02:13:11.007125 - Found $$$#DATE.txt (text/plain) in SBGOLOB.CBT506.FILE207, moved to FILE207/$$$#DATE
2023-08-06 02:13:11.008102 - Found $INSTALL.jcl (text/plain) in SBGOLOB.CBT506.FILE207, moved to FILE207/$INSTALL
2023-08-06 02:13:11.009073 - Found $INSTZOS.jcl (text/plain) in SBGOLOB.CBT506.FILE207, moved to FILE207/$INSTZOS
2023-08-06 02:13:11.010010 - Found $README.txt (text/plain) in SBGOLOB.CBT506.FILE207, moved to FILE207/$README
2023-08-06 02:13:11.010931 - Found @FILE207.txt (text/plain) in SBGOLOB.CBT506.FILE207, moved to FILE207/@FILE207
2023-08-06 02:13:11.012039 - Found FSE.txt (text/plain) in SBGOLOB.CBT506.FILE207, moved to FILE207/FSE
2023-08-06 02:13:11.012990 - Found FSEATTR.txt (text/plain) in SBGOLOB.CBT506.FILE207, moved to FILE207/FSEATTR
2023-08-06 02:13:11.013904 - Found FSECHANG.txt (text/plain) in SBGOLOB.CBT506.FILE207, moved to FILE207/FSECHANG
2023-08-06 02:13:11.014825 - Found FSEFREE.txt (text/plain) in SBGOLOB.CBT506.FILE207, moved to FILE207/FSEFREE
2023-08-06 02:13:11.015691 - Found FSEHELP.txt (text/plain) in SBGOLOB.CBT506.FILE207, moved to FILE207/FSEHELP
2023-08-06 02:13:11.016522 - Found FSEPFKEY.txt (text/plain) in SBGOLOB.CBT506.FILE207, moved to FILE207/FSEPFKEY
2023-08-06 02:13:11.017455 - Found FSEPRTY.txt (text/plain) in SBGOLOB.CBT506.FILE207, moved to FILE207/FSEPRTY
2023-08-06 02:13:11.018374 - Found FSESAVE.txt (text/plain) in SBGOLOB.CBT506.FILE207, moved to FILE207/FSESAVE
2023-08-06 02:13:11.019271 - Found FSESYSCD.txt (text/plain) in SBGOLOB.CBT506.FILE207, moved to FILE207/FSESYSCD
2023-08-06 02:13:11.020139 - Found FSETSO.txt (text/plain) in SBGOLOB.CBT506.FILE207, moved to FILE207/FSETSO
2023-08-06 02:13:11.021032 - Found IGC0024H.txt (text/plain) in SBGOLOB.CBT506.FILE207, moved to FILE207/IGC0024H
2023-08-06 02:13:11.021896 - Found JCLRECV.jcl (text/plain) in SBGOLOB.CBT506.FILE207, moved to FILE207/JCLRECV
2023-08-06 02:13:11.037746 - Found LOADLIB.xmi (application/xmit) in SBGOLOB.CBT506.FILE207
2023-08-06 02:13:11.050556   - Received RECFM=U data, stored XMIT file as CBT207/LOADLIB.xmi
2023-08-06 02:13:11.198665 - Found OLDF207.xmi (application/xmit) in SBGOLOB.CBT506.FILE207
2023-08-06 02:13:11.213825   - Received to CBT207/FILE207.PDS
2023-08-06 02:13:11.214903 - Found TCMD.txt (text/plain) in SBGOLOB.CBT506.FILE207, moved to FILE207/TCMD
2023-08-06 02:13:11.215777 - Found TFVERI.txt (text/plain) in SBGOLOB.CBT506.FILE207, moved to FILE207/TFVERI
2023-08-06 02:13:11.216606 - Found TRT3270.txt (text/plain) in SBGOLOB.CBT506.FILE207, moved to FILE207/TRT3270
2023-08-06 02:13:11.217490 - Found TSBA.txt (text/plain) in SBGOLOB.CBT506.FILE207, moved to FILE207/TSBA
2023-08-06 02:13:11.218354 - Found TWCC.txt (text/plain) in SBGOLOB.CBT506.FILE207, moved to FILE207/TWCC
